Determining if the pthread_create exist failed with the following output:
Change Dir: /home/bboczek/catkin_ws/build/CMakeFiles/CMakeTmp

Run Build Command:"/usr/bin/make" "cmTC_1d105/fast"
/usr/bin/make -f CMakeFiles/cmTC_1d105.dir/build.make CMakeFiles/cmTC_1d105.dir/build
make[1]: Wejście do katalogu '/home/bboczek/catkin_ws/build/CMakeFiles/CMakeTmp'
Building C object CMakeFiles/cmTC_1d105.dir/CheckSymbolExists.c.o
/usr/bin/cc     -o CMakeFiles/cmTC_1d105.dir/CheckSymbolExists.c.o   -c /home/bboczek/catkin_ws/build/CMakeFiles/CMakeTmp/CheckSymbolExists.c
Linking C executable cmTC_1d105
/usr/bin/cmake -E cmake_link_script CMakeFiles/cmTC_1d105.dir/link.txt --verbose=1
/usr/bin/cc       CMakeFiles/cmTC_1d105.dir/CheckSymbolExists.c.o  -o cmTC_1d105 -rdynamic 
CMakeFiles/cmTC_1d105.dir/CheckSymbolExists.c.o: In function `main':
CheckSymbolExists.c:(.text+0x16): undefined reference to `pthread_create'
collect2: error: ld returned 1 exit status
CMakeFiles/cmTC_1d105.dir/build.make:97: polecenia dla obiektu 'cmTC_1d105' nie powiodły się
make[1]: *** [cmTC_1d105] Błąd 1
make[1]: Opuszczenie katalogu '/home/bboczek/catkin_ws/build/CMakeFiles/CMakeTmp'
Makefile:126: polecenia dla obiektu 'cmTC_1d105/fast' nie powiodły się
make: *** [cmTC_1d105/fast] Błąd 2

File /home/bboczek/catkin_ws/build/CMakeFiles/CMakeTmp/CheckSymbolExists.c:
/* */
#include <pthread.h>

int main(int argc, char** argv)
{
  (void)argv;
#ifndef pthread_create
  return ((int*)(&pthread_create))[argc];
#else
  (void)argc;
  return 0;
#endif
}

Determining if the function pthread_create exists in the pthreads failed with the following output:
Change Dir: /home/bboczek/catkin_ws/build/CMakeFiles/CMakeTmp

Run Build Command:"/usr/bin/make" "cmTC_f7a8c/fast"
/usr/bin/make -f CMakeFiles/cmTC_f7a8c.dir/build.make CMakeFiles/cmTC_f7a8c.dir/build
make[1]: Wejście do katalogu '/home/bboczek/catkin_ws/build/CMakeFiles/CMakeTmp'
Building C object CMakeFiles/cmTC_f7a8c.dir/CheckFunctionExists.c.o
/usr/bin/cc    -DCHECK_FUNCTION_EXISTS=pthread_create   -o CMakeFiles/cmTC_f7a8c.dir/CheckFunctionExists.c.o   -c /usr/share/cmake-3.5/Modules/CheckFunctionExists.c
Linking C executable cmTC_f7a8c
/usr/bin/cmake -E cmake_link_script CMakeFiles/cmTC_f7a8c.dir/link.txt --verbose=1
/usr/bin/cc   -DCHECK_FUNCTION_EXISTS=pthread_create    CMakeFiles/cmTC_f7a8c.dir/CheckFunctionExists.c.o  -o cmTC_f7a8c -rdynamic -lpthreads 
/usr/bin/ld: cannot find -lpthreads
collect2: error: ld returned 1 exit status
CMakeFiles/cmTC_f7a8c.dir/build.make:97: polecenia dla obiektu 'cmTC_f7a8c' nie powiodły się
make[1]: *** [cmTC_f7a8c] Błąd 1
make[1]: Opuszczenie katalogu '/home/bboczek/catkin_ws/build/CMakeFiles/CMakeTmp'
Makefile:126: polecenia dla obiektu 'cmTC_f7a8c/fast' nie powiodły się
make: *** [cmTC_f7a8c/fast] Błąd 2


